<?xml version="1.0" encoding="UTF-8"?>
<testsuite xmlns:xsi="http://www.w3.org/2001/XMLSchema-instance" xsi:noNamespaceSchemaLocation="https://maven.apache.org/surefire/maven-surefire-plugin/xsd/surefire-test-report.xsd" version="3.0.2" name="StepDefinition.TestRunner" time="118.901" tests="14" errors="0" skipped="0" failures="0">
  <properties>
[...]
</properties>
  <testcase name="Successful login" classname="Checking user login" time="6.872">
    <system-out><![CDATA[
&amp#27;[1mScenario:&amp#27;[22m Successful login                                         &amp#27;[90m# file:///D:/java_selenium/BrowserStack_Project/src/test/resources/features/01_Login.feature:2&amp#27;[39m
  &amp#27;[32mâœ”&amp#27;[39m &amp#27;[32m&amp#27;[1mGiven &amp#27;[22mBrowserstack website should be opened in default browser&amp#27;[39m &amp#27;[90m# StepDefinition.Login.Browserstack_website_should_be_opened_in_default_browser()&amp#27;[39m
  &amp#27;[32mâœ”&amp#27;[39m &amp#27;[32m&amp#27;[1mAnd &amp#27;[22mClick on signin link and add username and password&amp#27;[39m         &amp#27;[90m# StepDefinition.Login.Click_on_signin_link_and_add_username_and_password()&amp#27;[39m
Login Successful
  &amp#27;[32mâœ”&amp#27;[39m &amp#27;[32m&amp#27;[1mThen &amp#27;[22mclick on login button&amp#27;[39m                                     &amp#27;[90m# StepDefinition.Login.click_on_login_button()&amp#27;[39m
]]></system-out>
    <system-err><![CDATA[Sep 05, 2025 10:18:13 AM org.openqa.selenium.devtools.CdpVersionFinder findNearestMatch
WARNING: Unable to find CDP implementation matching 139
Sep 05, 2025 10:18:13 AM org.openqa.selenium.chromium.ChromiumDriver lambda$new$5
WARNING: Unable to find version of CDP to use for 139.0.7258.155. You may need to include a dependency on a specific version of the CDP using something similar to `org.seleniumhq.selenium:selenium-devtools-v86:4.22.0` where the version ("v86") matches the version of the chromium-based browser you're using and the version number of the artifact is the same as Selenium's.
]]></system-err>
  </testcase>
  <testcase name="search feature #1" classname="Search Future" time="9.262">
    <system-out><![CDATA[
&amp#27;[1mScenario Outline:&amp#27;[22m search feature             &amp#27;[90m# file:///D:/java_selenium/BrowserStack_Project/src/test/resources/features/02_Search.feature:8&amp#27;[39m
  &amp#27;[32mâœ”&amp#27;[39m &amp#27;[32m&amp#27;[1mGiven &amp#27;[22mopen home page in default browser&amp#27;[39m  &amp#27;[90m# StepDefinition.Search.open_home_page_in_default_browser()&amp#27;[39m
  &amp#27;[32mâœ”&amp#27;[39m &amp#27;[32m&amp#27;[1mWhen &amp#27;[22mgo to &amp#27;[1mApple&amp#27;[22m and add text and search&amp#27;[39m &amp#27;[90m# StepDefinition.Search.go_to_search_and_add_text_and_search(java.lang.String)&amp#27;[39m
Search Completed
  &amp#27;[32mâœ”&amp#27;[39m &amp#27;[32m&amp#27;[1mThen &amp#27;[22mclose driver&amp#27;[39m                        &amp#27;[90m# StepDefinition.Search.close_driver()&amp#27;[39m
]]></system-out>
    <system-err><![CDATA[Sep 05, 2025 10:18:19 AM org.openqa.selenium.devtools.CdpVersionFinder findNearestMatch
WARNING: Unable to find CDP implementation matching 139
Sep 05, 2025 10:18:19 AM org.openqa.selenium.chromium.ChromiumDriver lambda$new$5
WARNING: Unable to find version of CDP to use for 139.0.7258.155. You may need to include a dependency on a specific version of the CDP using something similar to `org.seleniumhq.selenium:selenium-devtools-v86:4.22.0` where the version ("v86") matches the version of the chromium-based browser you're using and the version number of the artifact is the same as Selenium's.
]]></system-err>
  </testcase>
  <testcase name="search feature #2" classname="Search Future" time="6.641">
    <system-out><![CDATA[
&amp#27;[1mScenario Outline:&amp#27;[22m search feature              &amp#27;[90m# file:///D:/java_selenium/BrowserStack_Project/src/test/resources/features/02_Search.feature:9&amp#27;[39m
  &amp#27;[32mâœ”&amp#27;[39m &amp#27;[32m&amp#27;[1mGiven &amp#27;[22mopen home page in default browser&amp#27;[39m   &amp#27;[90m# StepDefinition.Search.open_home_page_in_default_browser()&amp#27;[39m
  &amp#27;[32mâœ”&amp#27;[39m &amp#27;[32m&amp#27;[1mWhen &amp#27;[22mgo to &amp#27;[1mGoogle&amp#27;[22m and add text and search&amp#27;[39m &amp#27;[90m# StepDefinition.Search.go_to_search_and_add_text_and_search(java.lang.String)&amp#27;[39m
Search Completed
  &amp#27;[32mâœ”&amp#27;[39m &amp#27;[32m&amp#27;[1mThen &amp#27;[22mclose driver&amp#27;[39m                         &amp#27;[90m# StepDefinition.Search.close_driver()&amp#27;[39m
]]></system-out>
    <system-err><![CDATA[Sep 05, 2025 10:18:28 AM org.openqa.selenium.devtools.CdpVersionFinder findNearestMatch
WARNING: Unable to find CDP implementation matching 139
Sep 05, 2025 10:18:28 AM org.openqa.selenium.chromium.ChromiumDriver lambda$new$5
WARNING: Unable to find version of CDP to use for 139.0.7258.155. You may need to include a dependency on a specific version of the CDP using something similar to `org.seleniumhq.selenium:selenium-devtools-v86:4.22.0` where the version ("v86") matches the version of the chromium-based browser you're using and the version number of the artifact is the same as Selenium's.
]]></system-err>
  </testcase>
  <testcase name="search feature #3" classname="Search Future" time="7.098">
    <system-out><![CDATA[
&amp#27;[1mScenario Outline:&amp#27;[22m search feature               &amp#27;[90m# file:///D:/java_selenium/BrowserStack_Project/src/test/resources/features/02_Search.feature:10&amp#27;[39m
  &amp#27;[32mâœ”&amp#27;[39m &amp#27;[32m&amp#27;[1mGiven &amp#27;[22mopen home page in default browser&amp#27;[39m    &amp#27;[90m# StepDefinition.Search.open_home_page_in_default_browser()&amp#27;[39m
  &amp#27;[32mâœ”&amp#27;[39m &amp#27;[32m&amp#27;[1mWhen &amp#27;[22mgo to &amp#27;[1mSamsung&amp#27;[22m and add text and search&amp#27;[39m &amp#27;[90m# StepDefinition.Search.go_to_search_and_add_text_and_search(java.lang.String)&amp#27;[39m
Search Completed
  &amp#27;[32mâœ”&amp#27;[39m &amp#27;[32m&amp#27;[1mThen &amp#27;[22mclose driver&amp#27;[39m                          &amp#27;[90m# StepDefinition.Search.close_driver()&amp#27;[39m
]]></system-out>
    <system-err><![CDATA[Sep 05, 2025 10:18:35 AM org.openqa.selenium.devtools.CdpVersionFinder findNearestMatch
WARNING: Unable to find CDP implementation matching 139
Sep 05, 2025 10:18:35 AM org.openqa.selenium.chromium.ChromiumDriver lambda$new$5
WARNING: Unable to find version of CDP to use for 139.0.7258.155. You may need to include a dependency on a specific version of the CDP using something similar to `org.seleniumhq.selenium:selenium-devtools-v86:4.22.0` where the version ("v86") matches the version of the chromium-based browser you're using and the version number of the artifact is the same as Selenium's.
]]></system-err>
  </testcase>
  <testcase name="Adding and removing items as favourites" classname="Checking favourites Section" time="8.548">
    <system-out><![CDATA[
&amp#27;[1mScenario:&amp#27;[22m Adding and removing items as favourites       &amp#27;[90m# file:///D:/java_selenium/BrowserStack_Project/src/test/resources/features/03_Favourites.feature:2&amp#27;[39m
  &amp#27;[32mâœ”&amp#27;[39m &amp#27;[32m&amp#27;[1mGiven &amp#27;[22mHome page should be opened in default browser&amp#27;[39m &amp#27;[90m# StepDefinition.Favourites.Home_page_should_be_opened_in_default_browser()&amp#27;[39m
  &amp#27;[32mâœ”&amp#27;[39m &amp#27;[32m&amp#27;[1mWhen &amp#27;[22mClick on signinlink and signin&amp#27;[39m                 &amp#27;[90m# StepDefinition.Favourites.click_on_signinlink_and_signin()&amp#27;[39m
  &amp#27;[32mâœ”&amp#27;[39m &amp#27;[32m&amp#27;[1mAnd &amp#27;[22madd an item to favourites&amp#27;[39m                       &amp#27;[90m# StepDefinition.Favourites.add_an_item_to_favourites()&amp#27;[39m
  &amp#27;[32mâœ”&amp#27;[39m &amp#27;[32m&amp#27;[1mAnd &amp#27;[22mcheck the item in favourites section&amp#27;[39m            &amp#27;[90m# StepDefinition.Favourites.check_the_item_in_favourites_section()&amp#27;[39m
  &amp#27;[32mâœ”&amp#27;[39m &amp#27;[32m&amp#27;[1mAnd &amp#27;[22mclick on the logo&amp#27;[39m                               &amp#27;[90m# StepDefinition.Favourites.click_on_the_logo()&amp#27;[39m
  &amp#27;[32mâœ”&amp#27;[39m &amp#27;[32m&amp#27;[1mAnd &amp#27;[22mremove the item from favourites&amp#27;[39m                 &amp#27;[90m# StepDefinition.Favourites.remove_the_item_from_favourites()&amp#27;[39m
Favourites Done 
  &amp#27;[32mâœ”&amp#27;[39m &amp#27;[32m&amp#27;[1mThen &amp#27;[22mclose the driver&amp#27;[39m                               &amp#27;[90m# StepDefinition.Favourites.close_the_driver()&amp#27;[39m
]]></system-out>
    <system-err><![CDATA[Sep 05, 2025 10:18:42 AM org.openqa.selenium.devtools.CdpVersionFinder findNearestMatch
WARNING: Unable to find CDP implementation matching 139
Sep 05, 2025 10:18:42 AM org.openqa.selenium.chromium.ChromiumDriver lambda$new$5
WARNING: Unable to find version of CDP to use for 139.0.7258.155. You may need to include a dependency on a specific version of the CDP using something similar to `org.seleniumhq.selenium:selenium-devtools-v86:4.22.0` where the version ("v86") matches the version of the chromium-based browser you're using and the version number of the artifact is the same as Selenium's.
]]></system-err>
  </testcase>
  <testcase name="add to cart" classname="Checking add to cart functionality" time="7.839">
    <system-out><![CDATA[
&amp#27;[1mScenario:&amp#27;[22m add to cart                                &amp#27;[90m# file:///D:/java_selenium/BrowserStack_Project/src/test/resources/features/04_Addtocart.feature:2&amp#27;[39m
  &amp#27;[32mâœ”&amp#27;[39m &amp#27;[32m&amp#27;[1mGiven &amp#27;[22mHome page opened in default browser&amp#27;[39m        &amp#27;[90m# StepDefinition.Addtocart.Home_page_opened_in_default_browser()&amp#27;[39m
  &amp#27;[32mâœ”&amp#27;[39m &amp#27;[32m&amp#27;[1mWhen &amp#27;[22mclick on signin and signin with credentials&amp#27;[39m &amp#27;[90m# StepDefinition.Addtocart.click_on_signin_and_signin_with_credentials()&amp#27;[39m
  &amp#27;[32mâœ”&amp#27;[39m &amp#27;[32m&amp#27;[1mAnd &amp#27;[22mAdd an item to cart&amp#27;[39m                          &amp#27;[90m# StepDefinition.Addtocart.add_an_item_to_cart()&amp#27;[39m
Item Added to cart 
  &amp#27;[32mâœ”&amp#27;[39m &amp#27;[32m&amp#27;[1mThen &amp#27;[22mclose the popup&amp#27;[39m                             &amp#27;[90m# StepDefinition.Addtocart.close_the_popup()&amp#27;[39m
]]></system-out>
    <system-err><![CDATA[Sep 05, 2025 10:18:50 AM org.openqa.selenium.devtools.CdpVersionFinder findNearestMatch
WARNING: Unable to find CDP implementation matching 139
Sep 05, 2025 10:18:50 AM org.openqa.selenium.chromium.ChromiumDriver lambda$new$5
WARNING: Unable to find version of CDP to use for 139.0.7258.155. You may need to include a dependency on a specific version of the CDP using something similar to `org.seleniumhq.selenium:selenium-devtools-v86:4.22.0` where the version ("v86") matches the version of the chromium-based browser you're using and the version number of the artifact is the same as Selenium's.
]]></system-err>
  </testcase>
  <testcase name="Remove from cart" classname="Remove from cart" time="9.193">
    <system-out><![CDATA[
&amp#27;[1mScenario:&amp#27;[22m Remove from cart                               &amp#27;[90m# file:///D:/java_selenium/BrowserStack_Project/src/test/resources/features/05_Removefromcart.feature:2&amp#27;[39m
  &amp#27;[32mâœ”&amp#27;[39m &amp#27;[32m&amp#27;[1mGiven &amp#27;[22mOpen homepage in default browser&amp#27;[39m               &amp#27;[90m# StepDefinition.Removefromcart.open_homepage_in_default_browser()&amp#27;[39m
  &amp#27;[32mâœ”&amp#27;[39m &amp#27;[32m&amp#27;[1mWhen &amp#27;[22mclick on signin and then login with credentials&amp#27;[39m &amp#27;[90m# StepDefinition.Removefromcart.click_on_signin_and_then_login_with_credentials()&amp#27;[39m
  &amp#27;[32mâœ”&amp#27;[39m &amp#27;[32m&amp#27;[1mAnd &amp#27;[22madd an item to cart&amp#27;[39m                              &amp#27;[90m# StepDefinition.Removefromcart.add_an_item_to_cart()&amp#27;[39m
  &amp#27;[32mâœ”&amp#27;[39m &amp#27;[32m&amp#27;[1mAnd &amp#27;[22mremove the item from cart&amp#27;[39m                        &amp#27;[90m# StepDefinition.Removefromcart.remove_the_item_from_cart()&amp#27;[39m
Item removed from cart
  &amp#27;[32mâœ”&amp#27;[39m &amp#27;[32m&amp#27;[1mThen &amp#27;[22mclose the cart&amp#27;[39m                                  &amp#27;[90m# StepDefinition.Removefromcart.close_the_cart()&amp#27;[39m
]]></system-out>
    <system-err><![CDATA[Sep 05, 2025 10:18:58 AM org.openqa.selenium.devtools.CdpVersionFinder findNearestMatch
WARNING: Unable to find CDP implementation matching 139
Sep 05, 2025 10:18:58 AM org.openqa.selenium.chromium.ChromiumDriver lambda$new$5
WARNING: Unable to find version of CDP to use for 139.0.7258.155. You may need to include a dependency on a specific version of the CDP using something similar to `org.seleniumhq.selenium:selenium-devtools-v86:4.22.0` where the version ("v86") matches the version of the chromium-based browser you're using and the version number of the artifact is the same as Selenium's.
]]></system-err>
  </testcase>
  <testcase name="Filters" classname="Checking Filters working or not" time="6.571">
    <system-out><![CDATA[
&amp#27;[1mScenario:&amp#27;[22m Filters                                  &amp#27;[90m# file:///D:/java_selenium/BrowserStack_Project/src/test/resources/features/06_Filters.feature:2&amp#27;[39m
  &amp#27;[32mâœ”&amp#27;[39m &amp#27;[32m&amp#27;[1mGiven &amp#27;[22mopen the homepage in default browser&amp#27;[39m     &amp#27;[90m# StepDefinition.Filters.open_the_homepage_in_default_browser()&amp#27;[39m
  &amp#27;[32mâœ”&amp#27;[39m &amp#27;[32m&amp#27;[1mWhen &amp#27;[22mselect multiple selections using dropdown&amp#27;[39m &amp#27;[90m# StepDefinition.Filters.select_multiple_selections_using_dropdown()&amp#27;[39m
Filters completed
  &amp#27;[32mâœ”&amp#27;[39m &amp#27;[32m&amp#27;[1mThen &amp#27;[22mclosing the driver&amp#27;[39m                        &amp#27;[90m# StepDefinition.Filters.closing_the_driver()&amp#27;[39m
]]></system-out>
    <system-err><![CDATA[Sep 05, 2025 10:19:07 AM org.openqa.selenium.devtools.CdpVersionFinder findNearestMatch
WARNING: Unable to find CDP implementation matching 139
Sep 05, 2025 10:19:07 AM org.openqa.selenium.chromium.ChromiumDriver lambda$new$5
WARNING: Unable to find version of CDP to use for 139.0.7258.155. You may need to include a dependency on a specific version of the CDP using something similar to `org.seleniumhq.selenium:selenium-devtools-v86:4.22.0` where the version ("v86") matches the version of the chromium-based browser you're using and the version number of the artifact is the same as Selenium's.
]]></system-err>
  </testcase>
  <testcase name="Footer links" classname="Checking Footer links" time="7.095">
    <system-out><![CDATA[
&amp#27;[1mScenario:&amp#27;[22m Footer links                         &amp#27;[90m# file:///D:/java_selenium/BrowserStack_Project/src/test/resources/features/07_Footerlink.feature:2&amp#27;[39m
  &amp#27;[32mâœ”&amp#27;[39m &amp#27;[32m&amp#27;[1mGiven &amp#27;[22mopen homepage in the default browser&amp#27;[39m &amp#27;[90m# StepDefinition.Footerlink.open_homepage_in_the_default_browser()&amp#27;[39m
  &amp#27;[32mâœ”&amp#27;[39m &amp#27;[32m&amp#27;[1mWhen &amp#27;[22mclick on the link in footer&amp#27;[39m           &amp#27;[90m# StepDefinition.Footerlink.click_on_the_link_in_footer()&amp#27;[39m
Footer link Clicked
  &amp#27;[32mâœ”&amp#27;[39m &amp#27;[32m&amp#27;[1mThen &amp#27;[22mprint the message&amp#27;[39m                     &amp#27;[90m# StepDefinition.Footerlink.print_the_message()&amp#27;[39m
]]></system-out>
    <system-err><![CDATA[Sep 05, 2025 10:19:14 AM org.openqa.selenium.devtools.CdpVersionFinder findNearestMatch
WARNING: Unable to find CDP implementation matching 139
Sep 05, 2025 10:19:14 AM org.openqa.selenium.chromium.ChromiumDriver lambda$new$5
WARNING: Unable to find version of CDP to use for 139.0.7258.155. You may need to include a dependency on a specific version of the CDP using something similar to `org.seleniumhq.selenium:selenium-devtools-v86:4.22.0` where the version ("v86") matches the version of the chromium-based browser you're using and the version number of the artifact is the same as Selenium's.
]]></system-err>
  </testcase>
  <testcase name="Vendors selection" classname="Vendors Selection" time="10.665">
    <system-out><![CDATA[
&amp#27;[1mScenario:&amp#27;[22m Vendors selection                         &amp#27;[90m# file:///D:/java_selenium/BrowserStack_Project/src/test/resources/features/08_Vendors.feature:2&amp#27;[39m
  &amp#27;[32mâœ”&amp#27;[39m &amp#27;[32m&amp#27;[1mGiven &amp#27;[22mopen the home page in the default browser&amp#27;[39m &amp#27;[90m# StepDefinition.Vendors.open_the_home_page_in_the_default_browser()&amp#27;[39m
  &amp#27;[32mâœ”&amp#27;[39m &amp#27;[32m&amp#27;[1mWhen &amp#27;[22mselect vendors and deselect vendors&amp#27;[39m        &amp#27;[90m# StepDefinition.Vendors.select_vendors_and_deselect_vendors()&amp#27;[39m
Vendors selection completed
  &amp#27;[32mâœ”&amp#27;[39m &amp#27;[32m&amp#27;[1mThen &amp#27;[22mlastly closing the driver&amp#27;[39m                  &amp#27;[90m# StepDefinition.Vendors.lastly_closing_the_driver()&amp#27;[39m
]]></system-out>
    <system-err><![CDATA[Sep 05, 2025 10:19:21 AM org.openqa.selenium.devtools.CdpVersionFinder findNearestMatch
WARNING: Unable to find CDP implementation matching 139
Sep 05, 2025 10:19:21 AM org.openqa.selenium.chromium.ChromiumDriver lambda$new$5
WARNING: Unable to find version of CDP to use for 139.0.7258.155. You may need to include a dependency on a specific version of the CDP using something similar to `org.seleniumhq.selenium:selenium-devtools-v86:4.22.0` where the version ("v86") matches the version of the chromium-based browser you're using and the version number of the artifact is the same as Selenium's.
]]></system-err>
  </testcase>
  <testcase name="header links" classname="Header links" time="13.095">
    <system-out><![CDATA[
&amp#27;[1mScenario:&amp#27;[22m header links                           &amp#27;[90m# file:///D:/java_selenium/BrowserStack_Project/src/test/resources/features/09_Headerlinks.feature:2&amp#27;[39m
  &amp#27;[32mâœ”&amp#27;[39m &amp#27;[32m&amp#27;[1mGiven &amp#27;[22mopen website in default browser&amp#27;[39m        &amp#27;[90m# StepDefinition.Headerlinks.open_website_in_default_browser()&amp#27;[39m
  &amp#27;[32mâœ”&amp#27;[39m &amp#27;[32m&amp#27;[1mWhen &amp#27;[22mclick on signin and signin with details&amp#27;[39m &amp#27;[90m# StepDefinition.Headerlinks.click_on_signin_and_signin_with_details()&amp#27;[39m
  &amp#27;[32mâœ”&amp#27;[39m &amp#27;[32m&amp#27;[1mAnd &amp#27;[22mnavigate to offers&amp#27;[39m                       &amp#27;[90m# StepDefinition.Headerlinks.navigate_to_offers()&amp#27;[39m
  &amp#27;[32mâœ”&amp#27;[39m &amp#27;[32m&amp#27;[1mAnd &amp#27;[22mnavigate to favourites&amp#27;[39m                   &amp#27;[90m# StepDefinition.Headerlinks.navigate_to_favourites()&amp#27;[39m
  &amp#27;[32mâœ”&amp#27;[39m &amp#27;[32m&amp#27;[1mAnd &amp#27;[22mnavigate to orders&amp#27;[39m                       &amp#27;[90m# StepDefinition.Headerlinks.navigate_to_orders()&amp#27;[39m
Header links clicked
  &amp#27;[32mâœ”&amp#27;[39m &amp#27;[32m&amp#27;[1mThen &amp#27;[22mclose the browser&amp#27;[39m                       &amp#27;[90m# StepDefinition.Headerlinks.close_the_browser()&amp#27;[39m
]]></system-out>
    <system-err><![CDATA[Sep 05, 2025 10:19:31 AM org.openqa.selenium.devtools.CdpVersionFinder findNearestMatch
WARNING: Unable to find CDP implementation matching 139
Sep 05, 2025 10:19:31 AM org.openqa.selenium.chromium.ChromiumDriver lambda$new$5
WARNING: Unable to find version of CDP to use for 139.0.7258.155. You may need to include a dependency on a specific version of the CDP using something similar to `org.seleniumhq.selenium:selenium-devtools-v86:4.22.0` where the version ("v86") matches the version of the chromium-based browser you're using and the version number of the artifact is the same as Selenium's.
Sep 05, 2025 10:19:43 AM org.openqa.selenium.remote.http.WebSocket$Listener onError
WARNING: Connection reset
java.net.SocketException: Connection reset
	at java.base/sun.nio.ch.SocketChannelImpl.throwConnectionReset(SocketChannelImpl.java:394)
	at java.base/sun.nio.ch.SocketChannelImpl.read(SocketChannelImpl.java:426)
	at java.net.http/jdk.internal.net.http.SocketTube.readAvailable(SocketTube.java:1170)
	at java.net.http/jdk.internal.net.http.SocketTube$InternalReadPublisher$InternalReadSubscription.read(SocketTube.java:833)
	at java.net.http/jdk.internal.net.http.SocketTube$SocketFlowTask.run(SocketTube.java:181)
	at java.net.http/jdk.internal.net.http.common.SequentialScheduler$SchedulableTask.run(SequentialScheduler.java:230)
	at java.net.http/jdk.internal.net.http.common.SequentialScheduler.runOrSchedule(SequentialScheduler.java:303)
	at java.net.http/jdk.internal.net.http.common.SequentialScheduler.runOrSchedule(SequentialScheduler.java:256)
	at java.net.http/jdk.internal.net.http.SocketTube$InternalReadPublisher$InternalReadSubscription.signalReadable(SocketTube.java:774)
	at java.net.http/jdk.internal.net.http.SocketTube$InternalReadPublisher$ReadEvent.signalEvent(SocketTube.java:957)
	at java.net.http/jdk.internal.net.http.SocketTube$SocketFlowEvent.handle(SocketTube.java:253)
	at java.net.http/jdk.internal.net.http.HttpClientImpl$SelectorManager.handleEvent(HttpClientImpl.java:982)
	at java.net.http/jdk.internal.net.http.HttpClientImpl$SelectorManager.lambda$run$3(HttpClientImpl.java:937)
	at java.base/java.util.ArrayList.forEach(ArrayList.java:1511)
	at java.net.http/jdk.internal.net.http.HttpClientImpl$SelectorManager.run(HttpClientImpl.java:937)

]]></system-err>
  </testcase>
  <testcase name="checkout" classname="Checkout functionality" time="11.048">
    <system-out><![CDATA[
&amp#27;[1mScenario:&amp#27;[22m checkout                                                     &amp#27;[90m# file:///D:/java_selenium/BrowserStack_Project/src/test/resources/features/10_Checkout.feature:2&amp#27;[39m
  &amp#27;[32mâœ”&amp#27;[39m &amp#27;[32m&amp#27;[1mGiven &amp#27;[22mopen homepage in the default browser window&amp#27;[39m                  &amp#27;[90m# StepDefinition.Checkout.open_homepage_in_the_default_browser_window()&amp#27;[39m
  &amp#27;[32mâœ”&amp#27;[39m &amp#27;[32m&amp#27;[1mWhen &amp#27;[22mclick on signin link and then sign in with signin credentials&amp#27;[39m &amp#27;[90m# StepDefinition.Checkout.click_on_signin_link_and_then_sign_in_with_signin_credentials()&amp#27;[39m
  &amp#27;[32mâœ”&amp#27;[39m &amp#27;[32m&amp#27;[1mAnd &amp#27;[22madd a product to cart and click on checkout&amp#27;[39m                    &amp#27;[90m# StepDefinition.Checkout.add_a_product_to_cart_and_click_on_checkout()&amp#27;[39m
  &amp#27;[32mâœ”&amp#27;[39m &amp#27;[32m&amp#27;[1mAnd &amp#27;[22madd all information and click on continue&amp#27;[39m                      &amp#27;[90m# StepDefinition.Checkout.add_all_information_and_click_on_continue()&amp#27;[39m
  &amp#27;[32mâœ”&amp#27;[39m &amp#27;[32m&amp#27;[1mAnd &amp#27;[22mclick on download pdf&amp#27;[39m                                          &amp#27;[90m# StepDefinition.Checkout.click_on_download_pdf()&amp#27;[39m
  &amp#27;[32mâœ”&amp#27;[39m &amp#27;[32m&amp#27;[1mAnd &amp#27;[22mclick on continue shopping&amp#27;[39m                                     &amp#27;[90m# StepDefinition.Checkout.click_on_continue_shopping()&amp#27;[39m
Checkout process completed
  &amp#27;[32mâœ”&amp#27;[39m &amp#27;[32m&amp#27;[1mThen &amp#27;[22mlastly close browser&amp#27;[39m                                          &amp#27;[90m# StepDefinition.Checkout.lastly_close_browser()&amp#27;[39m
]]></system-out>
    <system-err><![CDATA[Sep 05, 2025 10:19:45 AM org.openqa.selenium.devtools.CdpVersionFinder findNearestMatch
WARNING: Unable to find CDP implementation matching 139
Sep 05, 2025 10:19:45 AM org.openqa.selenium.chromium.ChromiumDriver lambda$new$5
WARNING: Unable to find version of CDP to use for 139.0.7258.155. You may need to include a dependency on a specific version of the CDP using something similar to `org.seleniumhq.selenium:selenium-devtools-v86:4.22.0` where the version ("v86") matches the version of the chromium-based browser you're using and the version number of the artifact is the same as Selenium's.
Sep 05, 2025 10:19:54 AM org.openqa.selenium.remote.http.WebSocket$Listener onError
WARNING: Connection reset
java.net.SocketException: Connection reset
	at java.base/sun.nio.ch.SocketChannelImpl.throwConnectionReset(SocketChannelImpl.java:394)
	at java.base/sun.nio.ch.SocketChannelImpl.read(SocketChannelImpl.java:426)
	at java.net.http/jdk.internal.net.http.SocketTube.readAvailable(SocketTube.java:1170)
	at java.net.http/jdk.internal.net.http.SocketTube$InternalReadPublisher$InternalReadSubscription.read(SocketTube.java:833)
	at java.net.http/jdk.internal.net.http.SocketTube$SocketFlowTask.run(SocketTube.java:181)
	at java.net.http/jdk.internal.net.http.common.SequentialScheduler$SchedulableTask.run(SequentialScheduler.java:230)
	at java.net.http/jdk.internal.net.http.common.SequentialScheduler.runOrSchedule(SequentialScheduler.java:303)
	at java.net.http/jdk.internal.net.http.common.SequentialScheduler.runOrSchedule(SequentialScheduler.java:256)
	at java.net.http/jdk.internal.net.http.SocketTube$InternalReadPublisher$InternalReadSubscription.signalReadable(SocketTube.java:774)
	at java.net.http/jdk.internal.net.http.SocketTube$InternalReadPublisher$ReadEvent.signalEvent(SocketTube.java:957)
	at java.net.http/jdk.internal.net.http.SocketTube$SocketFlowEvent.handle(SocketTube.java:253)
	at java.net.http/jdk.internal.net.http.HttpClientImpl$SelectorManager.handleEvent(HttpClientImpl.java:982)
	at java.net.http/jdk.internal.net.http.HttpClientImpl$SelectorManager.lambda$run$3(HttpClientImpl.java:937)
	at java.base/java.util.ArrayList.forEach(ArrayList.java:1511)
	at java.net.http/jdk.internal.net.http.HttpClientImpl$SelectorManager.run(HttpClientImpl.java:937)

]]></system-err>
  </testcase>
  <testcase name="subscribe email" classname="Subscribe email" time="6.402">
    <system-out><![CDATA[
&amp#27;[1mScenario:&amp#27;[22m subscribe email                          &amp#27;[90m# file:///D:/java_selenium/BrowserStack_Project/src/test/resources/features/11_Subscribeemail.feature:2&amp#27;[39m
  &amp#27;[32mâœ”&amp#27;[39m &amp#27;[32m&amp#27;[1mGiven &amp#27;[22mopen the homepage in the default browser&amp#27;[39m &amp#27;[90m# StepDefinition.Subscribeemail.open_the_homepage_in_the_default_browser()&amp#27;[39m
  &amp#27;[32mâœ”&amp#27;[39m &amp#27;[32m&amp#27;[1mWhen &amp#27;[22mgo and enter email in subscribe mail box&amp#27;[39m  &amp#27;[90m# StepDefinition.Subscribeemail.go_and_enter_email_in_subscribe_mail_box()&amp#27;[39m
Subscribe email Completed
  &amp#27;[32mâœ”&amp#27;[39m &amp#27;[32m&amp#27;[1mThen &amp#27;[22mfinally close browser&amp#27;[39m                     &amp#27;[90m# StepDefinition.Subscribeemail.clos_the_browser()&amp#27;[39m
]]></system-out>
    <system-err><![CDATA[Sep 05, 2025 10:19:56 AM org.openqa.selenium.devtools.CdpVersionFinder findNearestMatch
WARNING: Unable to find CDP implementation matching 139
Sep 05, 2025 10:19:56 AM org.openqa.selenium.chromium.ChromiumDriver lambda$new$5
WARNING: Unable to find version of CDP to use for 139.0.7258.155. You may need to include a dependency on a specific version of the CDP using something similar to `org.seleniumhq.selenium:selenium-devtools-v86:4.22.0` where the version ("v86") matches the version of the chromium-based browser you're using and the version number of the artifact is the same as Selenium's.
]]></system-err>
  </testcase>
  <testcase name="LOGOUT" classname="Logout Functionality" time="7.902">
    <system-out><![CDATA[
&amp#27;[1mScenario:&amp#27;[22m LOGOUT                                           &amp#27;[90m# file:///D:/java_selenium/BrowserStack_Project/src/test/resources/features/12_Logout.feature:2&amp#27;[39m
  &amp#27;[32mâœ”&amp#27;[39m &amp#27;[32m&amp#27;[1mGiven &amp#27;[22mopen the browserstack website in default browser&amp#27;[39m &amp#27;[90m# StepDefinition.Logout.open_the_browserstack_website_in_default_browser()&amp#27;[39m
  &amp#27;[32mâœ”&amp#27;[39m &amp#27;[32m&amp#27;[1mWhen &amp#27;[22mclick on signin and then signin&amp#27;[39m                   &amp#27;[90m# StepDefinition.Logout.click_on_signin_and_then_signin()&amp#27;[39m
  &amp#27;[32mâœ”&amp#27;[39m &amp#27;[32m&amp#27;[1mAnd &amp#27;[22mclick on logout&amp#27;[39m                                    &amp#27;[90m# StepDefinition.Logout.click_on_logout()&amp#27;[39m
Logout done successfully
  &amp#27;[32mâœ”&amp#27;[39m &amp#27;[32m&amp#27;[1mThen &amp#27;[22mfinally close the browser&amp#27;[39m                         &amp#27;[90m# StepDefinition.Logout.finally_close_the_browser()&amp#27;[39m
]]></system-out>
    <system-err><![CDATA[Sep 05, 2025 10:20:02 AM org.openqa.selenium.devtools.CdpVersionFinder findNearestMatch
WARNING: Unable to find CDP implementation matching 139
Sep 05, 2025 10:20:02 AM org.openqa.selenium.chromium.ChromiumDriver lambda$new$5
WARNING: Unable to find version of CDP to use for 139.0.7258.155. You may need to include a dependency on a specific version of the CDP using something similar to `org.seleniumhq.selenium:selenium-devtools-v86:4.22.0` where the version ("v86") matches the version of the chromium-based browser you're using and the version number of the artifact is the same as Selenium's.
]]></system-err>
  </testcase>
</testsuite>